# JRE version: Java(TM) SE Runtime Environment (8.0_102-b14) (build 1.8.0_102-b14)
# Java VM: Java HotSpot(TM) 64-Bit Server VM (25.102-b14 mixed mode windows-amd64 compressed oops)
Heap:
 PSYoungGen      total 233472K, used 3819K [0x000000076b700000, 0x000000077ad00000, 0x00000007c0000000)
  eden space 221184K, 1% used [0x000000076b700000,0x000000076babaec0,0x0000000778f00000)
  from space 12288K, 0% used [0x000000077a100000,0x000000077a100000,0x000000077ad00000)
  to   space 14848K, 0% used [0x0000000779000000,0x0000000779000000,0x0000000779e80000)
 ParOldGen       total 131072K, used 12649K [0x00000006c2400000, 0x00000006ca400000, 0x000000076b700000)
  object space 131072K, 9% used [0x00000006c2400000,0x00000006c305a4b8,0x00000006ca400000)
 Metaspace       used 39965K, capacity 41786K, committed 42280K, reserved 1095680K
  class space    used 5493K, capacity 5844K, committed 5928K, reserved 1048576K
GC Heap History (10 events):
Event: 6.175 GC heap before
{Heap before GC invocations=20 (full 8):
 PSYoungGen      total 233472K, used 96K [0x000000076b700000, 0x000000077ad00000, 0x00000007c0000000)
  eden space 221184K, 0% used [0x000000076b700000,0x000000076b700000,0x0000000778f00000)
  from space 12288K, 0% used [0x000000077a100000,0x000000077a118000,0x000000077ad00000)
  to   space 14848K, 0% used [0x0000000779000000,0x0000000779000000,0x0000000779e80000)
 ParOldGen       total 131072K, used 13102K [0x00000006c2400000, 0x00000006ca400000, 0x000000076b700000)
  object space 131072K, 9% used [0x00000006c2400000,0x00000006c30cba28,0x00000006ca400000)
 Metaspace       used 39902K, capacity 41696K, committed 42024K, reserved 1101824K
  class space    used 5482K, capacity 5835K, committed 5928K, reserved 1048576K
Event: 6.212 GC heap after
Heap after GC invocations=20 (full 8):
 PSYoungGen      total 233472K, used 0K [0x000000076b700000, 0x000000077ad00000, 0x00000007c0000000)
  eden space 221184K, 0% used [0x000000076b700000,0x000000076b700000,0x0000000778f00000)
  from space 12288K, 0% used [0x000000077a100000,0x000000077a100000,0x000000077ad00000)
  to   space 14848K, 0% used [0x0000000779000000,0x0000000779000000,0x0000000779e80000)
 ParOldGen       total 131072K, used 12650K [0x00000006c2400000, 0x00000006ca400000, 0x000000076b700000)
  object space 131072K, 9% used [0x00000006c2400000,0x00000006c305a8c8,0x00000006ca400000)
 Metaspace       used 39902K, capacity 41696K, committed 42024K, reserved 1095680K
  class space    used 5482K, capacity 5835K, committed 5928K, reserved 1048576K
}
Event: 6.212 GC heap before
{Heap before GC invocations=21 (full 8):
 PSYoungGen      total 233472K, used 0K [0x000000076b700000, 0x000000077ad00000, 0x00000007c0000000)
  eden space 221184K, 0% used [0x000000076b700000,0x000000076b700000,0x0000000778f00000)
  from space 12288K, 0% used [0x000000077a100000,0x000000077a100000,0x000000077ad00000)
  to   space 14848K, 0% used [0x0000000779000000,0x0000000779000000,0x0000000779e80000)
 ParOldGen       total 131072K, used 12650K [0x00000006c2400000, 0x00000006ca400000, 0x000000076b700000)
  object space 131072K, 9% used [0x00000006c2400000,0x00000006c305a8c8,0x00000006ca400000)
 Metaspace       used 39902K, capacity 41696K, committed 42024K, reserved 1099776K
  class space    used 5482K, capacity 5835K, committed 5928K, reserved 1048576K
Event: 6.214 GC heap after
Heap after GC invocations=21 (full 8):
 PSYoungGen      total 236032K, used 0K [0x000000076b700000, 0x000000077ad00000, 0x00000007c0000000)
  eden space 221184K, 0% used [0x000000076b700000,0x000000076b700000,0x0000000778f00000)
  from space 14848K, 0% used [0x0000000779000000,0x0000000779000000,0x0000000779e80000)
  to   space 12288K, 0% used [0x000000077a100000,0x000000077a100000,0x000000077ad00000)
 ParOldGen       total 131072K, used 12650K [0x00000006c2400000, 0x00000006ca400000, 0x000000076b700000)
  object space 131072K, 9% used [0x00000006c2400000,0x00000006c305a8c8,0x00000006ca400000)
 Metaspace       used 39902K, capacity 41696K, committed 42024K, reserved 1099776K
  class space    used 5482K, capacity 5835K, committed 5928K, reserved 1048576K
}
Event: 6.214 GC heap before
{Heap before GC invocations=22 (full 9):
 PSYoungGen      total 236032K, used 0K [0x000000076b700000, 0x000000077ad00000, 0x00000007c0000000)
  eden space 221184K, 0% used [0x000000076b700000,0x000000076b700000,0x0000000778f00000)
  from space 14848K, 0% used [0x0000000779000000,0x0000000779000000,0x0000000779e80000)
  to   space 12288K, 0% used [0x000000077a100000,0x000000077a100000,0x000000077ad00000)
 ParOldGen       total 131072K, used 12650K [0x00000006c2400000, 0x00000006ca400000, 0x000000076b700000)
  object space 131072K, 9% used [0x00000006c2400000,0x00000006c305a8c8,0x00000006ca400000)
 Metaspace       used 39902K, capacity 41696K, committed 42024K, reserved 1099776K
  class space    used 5482K, capacity 5835K, committed 5928K, reserved 1048576K
Event: 6.265 GC heap after
Heap after GC invocations=22 (full 9):
 PSYoungGen      total 236032K, used 0K [0x000000076b700000, 0x000000077ad00000, 0x00000007c0000000)
  eden space 221184K, 0% used [0x000000076b700000,0x000000076b700000,0x0000000778f00000)
  from space 14848K, 0% used [0x0000000779000000,0x0000000779000000,0x0000000779e80000)
  to   space 12288K, 0% used [0x000000077a100000,0x000000077a100000,0x000000077ad00000)
 ParOldGen       total 131072K, used 12649K [0x00000006c2400000, 0x00000006ca400000, 0x000000076b700000)
  object space 131072K, 9% used [0x00000006c2400000,0x00000006c305a6c0,0x00000006ca400000)
 Metaspace       used 39902K, capacity 41696K, committed 42024K, reserved 1095680K
  class space    used 5482K, capacity 5835K, committed 5928K, reserved 1048576K
}
Event: 6.265 GC heap before
{Heap before GC invocations=23 (full 9):
 PSYoungGen      total 236032K, used 0K [0x000000076b700000, 0x000000077ad00000, 0x00000007c0000000)
  eden space 221184K, 0% used [0x000000076b700000,0x000000076b700000,0x0000000778f00000)
  from space 14848K, 0% used [0x0000000779000000,0x0000000779000000,0x0000000779e80000)
  to   space 12288K, 0% used [0x000000077a100000,0x000000077a100000,0x000000077ad00000)
 ParOldGen       total 131072K, used 12649K [0x00000006c2400000, 0x00000006ca400000, 0x000000076b700000)
  object space 131072K, 9% used [0x00000006c2400000,0x00000006c305a6c0,0x00000006ca400000)
 Metaspace       used 39902K, capacity 41696K, committed 42024K, reserved 1101824K
  class space    used 5482K, capacity 5835K, committed 5928K, reserved 1048576K
Event: 6.267 GC heap after
Heap after GC invocations=23 (full 9):
 PSYoungGen      total 233472K, used 0K [0x000000076b700000, 0x000000077ad00000, 0x00000007c0000000)
  eden space 221184K, 0% used [0x000000076b700000,0x000000076b700000,0x0000000778f00000)
  from space 12288K, 0% used [0x000000077a100000,0x000000077a100000,0x000000077ad00000)
  to   space 14848K, 0% used [0x0000000779000000,0x0000000779000000,0x0000000779e80000)
 ParOldGen       total 131072K, used 12649K [0x00000006c2400000, 0x00000006ca400000, 0x000000076b700000)
  object space 131072K, 9% used [0x00000006c2400000,0x00000006c305a6c0,0x00000006ca400000)
 Metaspace       used 39902K, capacity 41696K, committed 42024K, reserved 1101824K
  class space    used 5482K, capacity 5835K, committed 5928K, reserved 1048576K
}
Event: 6.267 GC heap before
{Heap before GC invocations=24 (full 10):
 PSYoungGen      total 233472K, used 0K [0x000000076b700000, 0x000000077ad00000, 0x00000007c0000000)
  eden space 221184K, 0% used [0x000000076b700000,0x000000076b700000,0x0000000778f00000)
  from space 12288K, 0% used [0x000000077a100000,0x000000077a100000,0x000000077ad00000)
  to   space 14848K, 0% used [0x0000000779000000,0x0000000779000000,0x0000000779e80000)
 ParOldGen       total 131072K, used 12649K [0x00000006c2400000, 0x00000006ca400000, 0x000000076b700000)
  object space 131072K, 9% used [0x00000006c2400000,0x00000006c305a6c0,0x00000006ca400000)
 Metaspace       used 39902K, capacity 41696K, committed 42024K, reserved 1101824K
  class space    used 5482K, capacity 5835K, committed 5928K, reserved 1048576K
Event: 6.317 GC heap after
Heap after GC invocations=24 (full 10):
 PSYoungGen      total 233472K, used 0K [0x000000076b700000, 0x000000077ad00000, 0x00000007c0000000)
  eden space 221184K, 0% used [0x000000076b700000,0x000000076b700000,0x0000000778f00000)
  from space 12288K, 0% used [0x000000077a100000,0x000000077a100000,0x000000077ad00000)
  to   space 14848K, 0% used [0x0000000779000000,0x0000000779000000,0x0000000779e80000)
 ParOldGen       total 131072K, used 12649K [0x00000006c2400000, 0x00000006ca400000, 0x000000076b700000)
  object space 131072K, 9% used [0x00000006c2400000,0x00000006c305a4b8,0x00000006ca400000)
 Metaspace       used 39902K, capacity 41696K, committed 42024K, reserved 1095680K
  class space    used 5482K, capacity 5835K, committed 5928K, reserved 1048576K
}

