# JRE version: Java(TM) SE Runtime Environment (8.0_102-b14) (build 1.8.0_102-b14)
# Java VM: Java HotSpot(TM) 64-Bit Server VM (25.102-b14 mixed mode windows-amd64 compressed oops)
Heap:
 PSYoungGen      total 236032K, used 14485K [0x000000076b700000, 0x000000077ab80000, 0x00000007c0000000)
  eden space 221184K, 6% used [0x000000076b700000,0x000000076c525710,0x0000000778f00000)
  from space 14848K, 0% used [0x0000000778f00000,0x0000000778f00000,0x0000000779d80000)
  to   space 13312K, 0% used [0x0000000779e80000,0x0000000779e80000,0x000000077ab80000)
 ParOldGen       total 85504K, used 11982K [0x00000006c2400000, 0x00000006c7780000, 0x000000076b700000)
  object space 85504K, 14% used [0x00000006c2400000,0x00000006c2fb3908,0x00000006c7780000)
 Metaspace       used 40056K, capacity 41934K, committed 42280K, reserved 1093632K
  class space    used 5524K, capacity 5891K, committed 5928K, reserved 1048576K
GC Heap History (10 events):
Event: 4.885 GC heap before
{Heap before GC invocations=26 (full 11):
 PSYoungGen      total 235520K, used 261K [0x000000076b700000, 0x000000077ac00000, 0x00000007c0000000)
  eden space 220672K, 0% used [0x000000076b700000,0x000000076b700000,0x0000000778e80000)
  from space 14848K, 1% used [0x0000000778f00000,0x0000000778f416c0,0x0000000779d80000)
  to   space 12288K, 0% used [0x000000077a000000,0x000000077a000000,0x000000077ac00000)
 ParOldGen       total 85504K, used 11886K [0x00000006c2400000, 0x00000006c7780000, 0x000000076b700000)
  object space 85504K, 13% used [0x00000006c2400000,0x00000006c2f9bb18,0x00000006c7780000)
 Metaspace       used 39883K, capacity 41652K, committed 42024K, reserved 1099776K
  class space    used 5481K, capacity 5843K, committed 5928K, reserved 1048576K
Event: 4.915 GC heap after
Heap after GC invocations=26 (full 11):
 PSYoungGen      total 235520K, used 0K [0x000000076b700000, 0x000000077ac00000, 0x00000007c0000000)
  eden space 220672K, 0% used [0x000000076b700000,0x000000076b700000,0x0000000778e80000)
  from space 14848K, 0% used [0x0000000778f00000,0x0000000778f00000,0x0000000779d80000)
  to   space 12288K, 0% used [0x000000077a000000,0x000000077a000000,0x000000077ac00000)
 ParOldGen       total 85504K, used 11981K [0x00000006c2400000, 0x00000006c7780000, 0x000000076b700000)
  object space 85504K, 14% used [0x00000006c2400000,0x00000006c2fb37c8,0x00000006c7780000)
 Metaspace       used 39883K, capacity 41652K, committed 42024K, reserved 1093632K
  class space    used 5481K, capacity 5843K, committed 5928K, reserved 1048576K
}
Event: 4.915 GC heap before
{Heap before GC invocations=27 (full 11):
 PSYoungGen      total 235520K, used 0K [0x000000076b700000, 0x000000077ac00000, 0x00000007c0000000)
  eden space 220672K, 0% used [0x000000076b700000,0x000000076b700000,0x0000000778e80000)
  from space 14848K, 0% used [0x0000000778f00000,0x0000000778f00000,0x0000000779d80000)
  to   space 12288K, 0% used [0x000000077a000000,0x000000077a000000,0x000000077ac00000)
 ParOldGen       total 85504K, used 11981K [0x00000006c2400000, 0x00000006c7780000, 0x000000076b700000)
  object space 85504K, 14% used [0x00000006c2400000,0x00000006c2fb37c8,0x00000006c7780000)
 Metaspace       used 39883K, capacity 41652K, committed 42024K, reserved 1097728K
  class space    used 5481K, capacity 5843K, committed 5928K, reserved 1048576K
Event: 4.916 GC heap after
Heap after GC invocations=27 (full 11):
 PSYoungGen      total 232960K, used 0K [0x000000076b700000, 0x000000077ac00000, 0x00000007c0000000)
  eden space 220672K, 0% used [0x000000076b700000,0x000000076b700000,0x0000000778e80000)
  from space 12288K, 0% used [0x000000077a000000,0x000000077a000000,0x000000077ac00000)
  to   space 14848K, 0% used [0x0000000778f00000,0x0000000778f00000,0x0000000779d80000)
 ParOldGen       total 85504K, used 11981K [0x00000006c2400000, 0x00000006c7780000, 0x000000076b700000)
  object space 85504K, 14% used [0x00000006c2400000,0x00000006c2fb37c8,0x00000006c7780000)
 Metaspace       used 39883K, capacity 41652K, committed 42024K, reserved 1097728K
  class space    used 5481K, capacity 5843K, committed 5928K, reserved 1048576K
}
Event: 4.917 GC heap before
{Heap before GC invocations=28 (full 12):
 PSYoungGen      total 232960K, used 0K [0x000000076b700000, 0x000000077ac00000, 0x00000007c0000000)
  eden space 220672K, 0% used [0x000000076b700000,0x000000076b700000,0x0000000778e80000)
  from space 12288K, 0% used [0x000000077a000000,0x000000077a000000,0x000000077ac00000)
  to   space 14848K, 0% used [0x0000000778f00000,0x0000000778f00000,0x0000000779d80000)
 ParOldGen       total 85504K, used 11981K [0x00000006c2400000, 0x00000006c7780000, 0x000000076b700000)
  object space 85504K, 14% used [0x00000006c2400000,0x00000006c2fb37c8,0x00000006c7780000)
 Metaspace       used 39883K, capacity 41652K, committed 42024K, reserved 1097728K
  class space    used 5481K, capacity 5843K, committed 5928K, reserved 1048576K
Event: 4.947 GC heap after
Heap after GC invocations=28 (full 12):
 PSYoungGen      total 232960K, used 0K [0x000000076b700000, 0x000000077ac00000, 0x00000007c0000000)
  eden space 220672K, 0% used [0x000000076b700000,0x000000076b700000,0x0000000778e80000)
  from space 12288K, 0% used [0x000000077a000000,0x000000077a000000,0x000000077ac00000)
  to   space 14848K, 0% used [0x0000000778f00000,0x0000000778f00000,0x0000000779d80000)
 ParOldGen       total 85504K, used 11811K [0x00000006c2400000, 0x00000006c7780000, 0x000000076b700000)
  object space 85504K, 13% used [0x00000006c2400000,0x00000006c2f88e40,0x00000006c7780000)
 Metaspace       used 39883K, capacity 41652K, committed 42024K, reserved 1093632K
  class space    used 5481K, capacity 5843K, committed 5928K, reserved 1048576K
}
Event: 4.954 GC heap before
{Heap before GC invocations=29 (full 12):
 PSYoungGen      total 232960K, used 37654K [0x000000076b700000, 0x000000077ac00000, 0x00000007c0000000)
  eden space 220672K, 17% used [0x000000076b700000,0x000000076dbc58e8,0x0000000778e80000)
  from space 12288K, 0% used [0x000000077a000000,0x000000077a000000,0x000000077ac00000)
  to   space 14848K, 0% used [0x0000000778f00000,0x0000000778f00000,0x0000000779d80000)
 ParOldGen       total 85504K, used 11811K [0x00000006c2400000, 0x00000006c7780000, 0x000000076b700000)
  object space 85504K, 13% used [0x00000006c2400000,0x00000006c2f88e40,0x00000006c7780000)
 Metaspace       used 39883K, capacity 41652K, committed 42024K, reserved 1099776K
  class space    used 5481K, capacity 5843K, committed 5928K, reserved 1048576K
Event: 4.955 GC heap after
Heap after GC invocations=29 (full 12):
 PSYoungGen      total 236032K, used 293K [0x000000076b700000, 0x000000077ab80000, 0x00000007c0000000)
  eden space 221184K, 0% used [0x000000076b700000,0x000000076b700000,0x0000000778f00000)
  from space 14848K, 1% used [0x0000000778f00000,0x0000000778f496c0,0x0000000779d80000)
  to   space 13312K, 0% used [0x0000000779e80000,0x0000000779e80000,0x000000077ab80000)
 ParOldGen       total 85504K, used 11811K [0x00000006c2400000, 0x00000006c7780000, 0x000000076b700000)
  object space 85504K, 13% used [0x00000006c2400000,0x00000006c2f88e40,0x00000006c7780000)
 Metaspace       used 39883K, capacity 41652K, committed 42024K, reserved 1099776K
  class space    used 5481K, capacity 5843K, committed 5928K, reserved 1048576K
}
Event: 4.955 GC heap before
{Heap before GC invocations=30 (full 13):
 PSYoungGen      total 236032K, used 293K [0x000000076b700000, 0x000000077ab80000, 0x00000007c0000000)
  eden space 221184K, 0% used [0x000000076b700000,0x000000076b700000,0x0000000778f00000)
  from space 14848K, 1% used [0x0000000778f00000,0x0000000778f496c0,0x0000000779d80000)
  to   space 13312K, 0% used [0x0000000779e80000,0x0000000779e80000,0x000000077ab80000)
 ParOldGen       total 85504K, used 11811K [0x00000006c2400000, 0x00000006c7780000, 0x000000076b700000)
  object space 85504K, 13% used [0x00000006c2400000,0x00000006c2f88e40,0x00000006c7780000)
 Metaspace       used 39883K, capacity 41652K, committed 42024K, reserved 1099776K
  class space    used 5481K, capacity 5843K, committed 5928K, reserved 1048576K
Event: 4.985 GC heap after
Heap after GC invocations=30 (full 13):
 PSYoungGen      total 236032K, used 0K [0x000000076b700000, 0x000000077ab80000, 0x00000007c0000000)
  eden space 221184K, 0% used [0x000000076b700000,0x000000076b700000,0x0000000778f00000)
  from space 14848K, 0% used [0x0000000778f00000,0x0000000778f00000,0x0000000779d80000)
  to   space 13312K, 0% used [0x0000000779e80000,0x0000000779e80000,0x000000077ab80000)
 ParOldGen       total 85504K, used 11982K [0x00000006c2400000, 0x00000006c7780000, 0x000000076b700000)
  object space 85504K, 14% used [0x00000006c2400000,0x00000006c2fb3908,0x00000006c7780000)
 Metaspace       used 39883K, capacity 41652K, committed 42024K, reserved 1093632K
  class space    used 5481K, capacity 5843K, committed 5928K, reserved 1048576K
}

